[debug] [2021-11-01T12:05:10.043Z] ----------------------------------------------------------------------
[debug] [2021-11-01T12:05:10.046Z] Command:       C:\Program Files\nodejs\node.exe C:\Users\Shahriaze Adnan sany\AppData\Roaming\npm\node_modules\firebase-tools\lib\bin\firebase.js init
[debug] [2021-11-01T12:05:10.047Z] CLI Version:   9.21.0
[debug] [2021-11-01T12:05:10.047Z] Platform:      win32
[debug] [2021-11-01T12:05:10.047Z] Node Version:  v14.17.6
[debug] [2021-11-01T12:05:10.048Z] Time:          Mon Nov 01 2021 18:05:10 GMT+0600 (Bangladesh Standard Time)
[debug] [2021-11-01T12:05:10.048Z] ----------------------------------------------------------------------
[debug] 
[debug] [2021-11-01T12:05:10.051Z] >>> [apiv2][query] GET https://firebase-public.firebaseio.com/cli.json [none]
[debug] [2021-11-01T12:05:10.086Z] > command requires scopes: ["email","openid","https://www.googleapis.com/auth/cloudplatformprojects.readonly","https://www.googleapis.com/auth/firebase","https://www.googleapis.com/auth/cloud-platform"]
[debug] [2021-11-01T12:05:10.087Z] > authorizing via signed-in user (moviehunter321@gmail.com)
[info] 
     ######## #### ########  ######## ########     ###     ######  ########
     ##        ##  ##     ## ##       ##     ##  ##   ##  ##       ##
     ######    ##  ########  ######   ########  #########  ######  ######
     ##        ##  ##    ##  ##       ##     ## ##     ##       ## ##
     ##       #### ##     ## ######## ########  ##     ##  ######  ########

You're about to initialize a Firebase project in this directory:

  C:\GOAL\Milestone-11\Assignment-11\trip-n-tour

Before we get started, keep in mind:

  * You are currently outside your home directory

[debug] [2021-11-01T12:05:11.445Z] <<< [apiv2][status] GET https://firebase-public.firebaseio.com/cli.json 200
[debug] [2021-11-01T12:05:11.448Z] <<< [apiv2][body] GET https://firebase-public.firebaseio.com/cli.json {"cloudBuildErrorAfter":1594252800000,"cloudBuildWarnAfter":1590019200000,"defaultNode10After":1594252800000,"minVersion":"3.0.5","node8DeploysDisabledAfter":1613390400000,"node8RuntimeDisabledAfter":1615809600000,"node8WarnAfter":1600128000000}
